<?xml version="1.0" encoding="UTF-8"?>
<testng-results ignored="0" total="2" passed="2" failed="0" skipped="0">
  <reporter-output>
  </reporter-output>
  <suite started-at="2022-12-17T00:49:16 EET" name="NopCommerce Suite" finished-at="2022-12-17T00:49:30 EET" duration-ms="13374">
    <groups>
      <group name="cucumber">
        <method signature="AbstractTestNGCucumberTests.runScenario(io.cucumber.testng.PickleWrapper,io.cucumber.testng.FeatureWrapper)[pri:0, instance:testRunner.Runner@650c405c]" name="runScenario" class="io.cucumber.testng.AbstractTestNGCucumberTests"/>
        <method signature="AbstractTestNGCucumberTests.runScenario(io.cucumber.testng.PickleWrapper,io.cucumber.testng.FeatureWrapper)[pri:0, instance:testRunner.Runner@5568c66f]" name="runScenario" class="io.cucumber.testng.AbstractTestNGCucumberTests"/>
      </group> <!-- cucumber -->
    </groups>
    <test started-at="2022-12-17T00:49:16 EET" name="Chrome Test" finished-at="2022-12-17T00:49:30 EET" duration-ms="13327">
      <class name="testRunner.Runner">
        <test-method is-config="true" signature="setUp(java.lang.String)[pri:0, instance:testRunner.Runner@650c405c]" started-at="2022-12-17T00:49:16 EET" name="setUp" finished-at="2022-12-17T00:49:21 EET" duration-ms="4777" status="PASS">
          <params>
            <param index="0">
              <value>
                <![CDATA[chrome]]>
              </value>
            </param>
          </params>
          <reporter-output>
          </reporter-output>
        </test-method> <!-- setUp -->
        <test-method is-config="true" signature="setUpClass(org.testng.ITestContext)[pri:0, instance:testRunner.Runner@650c405c]" started-at="2022-12-17T00:49:21 EET" name="setUpClass" finished-at="2022-12-17T00:49:23 EET" duration-ms="1275" status="PASS">
          <params>
            <param index="0">
              <value>
                <![CDATA[org.testng.TestRunner@dd4aec3]]>
              </value>
            </param>
          </params>
          <reporter-output>
          </reporter-output>
        </test-method> <!-- setUpClass -->
        <test-method signature="runScenario(io.cucumber.testng.PickleWrapper,io.cucumber.testng.FeatureWrapper)[pri:0, instance:testRunner.Runner@650c405c]" started-at="2022-12-17T00:49:23 EET" name="runScenario" description="Runs Cucumber Scenarios" data-provider="scenarios" finished-at="2022-12-17T00:49:28 EET" duration-ms="5819" status="PASS">
          <params>
            <param index="0">
              <value>
                <![CDATA["User Registration"]]>
              </value>
            </param>
            <param index="1">
              <value>
                <![CDATA["User Registration"]]>
              </value>
            </param>
          </params>
          <reporter-output>
          </reporter-output>
        </test-method> <!-- runScenario -->
        <test-method is-config="true" signature="tearDownClass()[pri:0, instance:testRunner.Runner@650c405c]" started-at="2022-12-17T00:49:29 EET" name="tearDownClass" finished-at="2022-12-17T00:49:30 EET" duration-ms="1237" status="PASS">
          <reporter-output>
          </reporter-output>
        </test-method> <!-- tearDownClass -->
      </class> <!-- testRunner.Runner -->
    </test> <!-- Chrome Test -->
    <test started-at="2022-12-17T00:49:16 EET" name="Firefox Test" finished-at="2022-12-17T00:49:30 EET" duration-ms="13374">
      <class name="testRunner.Runner">
        <test-method is-config="true" signature="setUp(java.lang.String)[pri:0, instance:testRunner.Runner@5568c66f]" started-at="2022-12-17T00:49:16 EET" name="setUp" finished-at="2022-12-17T00:49:24 EET" duration-ms="7582" status="PASS">
          <params>
            <param index="0">
              <value>
                <![CDATA[firefox]]>
              </value>
            </param>
          </params>
          <reporter-output>
          </reporter-output>
        </test-method> <!-- setUp -->
        <test-method is-config="true" signature="setUpClass(org.testng.ITestContext)[pri:0, instance:testRunner.Runner@5568c66f]" started-at="2022-12-17T00:49:24 EET" name="setUpClass" finished-at="2022-12-17T00:49:24 EET" duration-ms="130" status="PASS">
          <params>
            <param index="0">
              <value>
                <![CDATA[org.testng.TestRunner@4dac121d]]>
              </value>
            </param>
          </params>
          <reporter-output>
          </reporter-output>
        </test-method> <!-- setUpClass -->
        <test-method signature="runScenario(io.cucumber.testng.PickleWrapper,io.cucumber.testng.FeatureWrapper)[pri:0, instance:testRunner.Runner@5568c66f]" started-at="2022-12-17T00:49:24 EET" name="runScenario" description="Runs Cucumber Scenarios" data-provider="scenarios" finished-at="2022-12-17T00:49:29 EET" duration-ms="4467" status="PASS">
          <params>
            <param index="0">
              <value>
                <![CDATA["User Registration"]]>
              </value>
            </param>
            <param index="1">
              <value>
                <![CDATA["User Registration"]]>
              </value>
            </param>
          </params>
          <reporter-output>
          </reporter-output>
        </test-method> <!-- runScenario -->
        <test-method is-config="true" signature="tearDownClass()[pri:0, instance:testRunner.Runner@5568c66f]" started-at="2022-12-17T00:49:29 EET" name="tearDownClass" finished-at="2022-12-17T00:49:30 EET" duration-ms="1150" status="PASS">
          <reporter-output>
          </reporter-output>
        </test-method> <!-- tearDownClass -->
      </class> <!-- testRunner.Runner -->
    </test> <!-- Firefox Test -->
  </suite> <!-- NopCommerce Suite -->
</testng-results>
