<?xml version="1.0" encoding="UTF-8"?>
<testsuite xmlns:xsi="http://www.w3.org/2001/XMLSchema-instance" xsi:noNamespaceSchemaLocation="https://maven.apache.org/surefire/maven-surefire-plugin/xsd/surefire-test-report-3.0.xsd" version="3.0" name="TestSuite" time="16.907" tests="2" errors="0" skipped="0" failures="0">
  <properties>
[...]
</properties>
  <testcase name="runScenario[&quot;User Registration&quot;, &quot;User Registration&quot;](1)" classname="testRunner.Runner" time="4.226">
    <system-out><![CDATA[
Scenario: User Registration                                   &amp#27;[90m# src/test/java/features/UserRegistration.feature:4&amp#27;[0m

Scenario: User Registration                                   &amp#27;[90m# src/test/java/features/UserRegistration.feature:4&amp#27;[0m
  &amp#27;[32mGiven &amp#27;[0m&amp#27;[32mthe user in the homepage&amp#27;[0m                              &amp#27;[90m# stepDefinitions.UserRegistration.the_user_in_the_homepage()&amp#27;[0m
  &amp#27;[32mWhen &amp#27;[0m&amp#27;[32mhe clicks on the register link&amp#27;[0m                         &amp#27;[90m# stepDefinitions.UserRegistration.he_clicks_on_the_register_link()&amp#27;[0m
  &amp#27;[32mGiven &amp#27;[0m&amp#27;[32mthe user in the homepage&amp#27;[0m                              &amp#27;[90m# stepDefinitions.UserRegistration.the_user_in_the_homepage()&amp#27;[0m
  &amp#27;[32mWhen &amp#27;[0m&amp#27;[32mhe clicks on the register link&amp#27;[0m                         &amp#27;[90m# stepDefinitions.UserRegistration.he_clicks_on_the_register_link()&amp#27;[0m
  &amp#27;[32mAnd &amp#27;[0m&amp#27;[32menters his firstname, lastname, email, password&amp#27;[0m         &amp#27;[90m# stepDefinitions.UserRegistration.enters_his_firstname_lastname_email_password()&amp#27;[0m
  &amp#27;[32mAnd &amp#27;[0m&amp#27;[32menters his firstname, lastname, email, password&amp#27;[0m         &amp#27;[90m# stepDefinitions.UserRegistration.enters_his_firstname_lastname_email_password()&amp#27;[0m
  &amp#27;[32mThen &amp#27;[0m&amp#27;[32mthe registration page should be displayed successfully&amp#27;[0m &amp#27;[90m# stepDefinitions.UserRegistration.the_registration_page_should_be_displayed_successfully()&amp#27;[0m
  &amp#27;[32mThen &amp#27;[0m&amp#27;[32mthe registration page should be displayed successfully&amp#27;[0m &amp#27;[90m# stepDefinitions.UserRegistration.the_registration_page_should_be_displayed_successfully()&amp#27;[0m
]]></system-out>
    <system-err><![CDATA[Dec 17, 2022 12:49:17 AM org.openqa.selenium.remote.tracing.opentelemetry.OpenTelemetryTracer createTracer
INFO: Using OpenTelemetry for tracing
]]></system-err>
  </testcase>
  <testcase name="runScenario[&quot;User Registration&quot;, &quot;User Registration&quot;](1)" classname="testRunner.Runner" time="4.465"/>
</testsuite>