<?xml version="1.0" encoding="UTF-8"?>
<testng-results ignored="0" total="2" passed="2" failed="0" skipped="0">
  <reporter-output>
  </reporter-output>
  <suite started-at="2023-01-11T23:54:56 EET" name="WebDriver Suite" finished-at="2023-01-11T23:55:06 EET" duration-ms="9141">
    <groups>
    </groups>
    <test started-at="2023-01-11T23:54:56 EET" name="Chrome Test" finished-at="2023-01-11T23:55:02 EET" duration-ms="5718">
      <class name="tests.TestClass">
        <test-method is-config="true" signature="setUp()[pri:0, instance:tests.TestClass@435871cb]" started-at="2023-01-11T23:54:57 EET" name="setUp" description="Setup Driver" finished-at="2023-01-11T23:54:59 EET" duration-ms="2840" status="PASS">
          <reporter-output>
          </reporter-output>
        </test-method> <!-- setUp -->
        <test-method signature="testMethod()[pri:0, instance:tests.TestClass@435871cb]" started-at="2023-01-11T23:54:59 EET" name="testMethod" description="User Register on website successfully" finished-at="2023-01-11T23:55:02 EET" duration-ms="2497" status="PASS">
          <reporter-output>
          </reporter-output>
        </test-method> <!-- testMethod -->
        <test-method is-config="true" signature="tearDown()[pri:0, instance:tests.TestClass@435871cb]" started-at="2023-01-11T23:55:02 EET" name="tearDown" description="Teardown" finished-at="2023-01-11T23:55:02 EET" duration-ms="239" status="PASS">
          <reporter-output>
          </reporter-output>
        </test-method> <!-- tearDown -->
      </class> <!-- tests.TestClass -->
    </test> <!-- Chrome Test -->
    <test started-at="2023-01-11T23:54:56 EET" name="Firefox Test" finished-at="2023-01-11T23:55:06 EET" duration-ms="9141">
      <class name="tests.TestClass">
        <test-method is-config="true" signature="setUp()[pri:0, instance:tests.TestClass@618c5d94]" started-at="2023-01-11T23:54:57 EET" name="setUp" description="Setup Driver" finished-at="2023-01-11T23:55:02 EET" duration-ms="5498" status="PASS">
          <reporter-output>
          </reporter-output>
        </test-method> <!-- setUp -->
        <test-method signature="testMethod()[pri:0, instance:tests.TestClass@618c5d94]" started-at="2023-01-11T23:55:02 EET" name="testMethod" description="User Register on website successfully" finished-at="2023-01-11T23:55:05 EET" duration-ms="3034" status="PASS">
          <reporter-output>
          </reporter-output>
        </test-method> <!-- testMethod -->
        <test-method is-config="true" signature="tearDown()[pri:0, instance:tests.TestClass@618c5d94]" started-at="2023-01-11T23:55:05 EET" name="tearDown" description="Teardown" finished-at="2023-01-11T23:55:06 EET" duration-ms="576" status="PASS">
          <reporter-output>
          </reporter-output>
        </test-method> <!-- tearDown -->
      </class> <!-- tests.TestClass -->
    </test> <!-- Firefox Test -->
  </suite> <!-- WebDriver Suite -->
</testng-results>
